WARNING:discord.client:PyNaCl is not installed, voice will NOT be supported
INFO:discord.client:logging in using static token
INFO:discord.gateway:Shard ID None has sent the IDENTIFY payload.
INFO:discord.gateway:Shard ID None has connected to Gateway: ["gateway-prd-us-east1-d-m7xh",{"micros":50759,"calls":["id_created",{"micros":874,"calls":[]},"session_lookup_time",{"micros":3945,"calls":[]},"session_lookup_finished",{"micros":14,"calls":[]},"discord-sessions-prd-1-9",{"micros":45271,"calls":["start_session",{"micros":32020,"calls":["discord-api-rpc-799bd6f864-m67k2",{"micros":27804,"calls":["get_user",{"micros":6750},"get_guilds",{"micros":3490},"send_scheduled_deletion_message",{"micros":6},"guild_join_requests",{"micros":1},"authorized_ip_coro",{"micros":7}]}]},"starting_guild_connect",{"micros":30,"calls":[]},"presence_started",{"micros":311,"calls":[]},"guilds_started",{"micros":90,"calls":[]},"lobbies_started",{"micros":1,"calls":[]},"guilds_connect",{"micros":1,"calls":[]},"presence_connect",{"micros":12771,"calls":[]},"connect_finished",{"micros":12777,"calls":[]},"build_ready",{"micros":38,"calls":[]},"clean_ready",{"micros":1,"calls":[]},"optimize_ready",{"micros":1,"calls":[]},"split_ready",{"micros":0,"calls":[]}]}]}] (Session ID: 5d9d69b4ac50e66b8e5a77e5dcdb0670).
INFO:root:User logged at EventManager#9298
INFO:root:expected stopping: 2025-01-01 16:20:00
INFO:root:RN: 2025-01-01 16:10:07.638727
INFO:root:waiting time: 592
INFO:discord.client:Cleaning up tasks.
INFO:discord.client:Cleaning up after 2 tasks.
INFO:discord.client:All tasks finished cancelling.
INFO:discord.client:Closing the event loop.
WARNING:discord.client:PyNaCl is not installed, voice will NOT be supported
INFO:discord.client:logging in using static token
INFO:discord.gateway:Shard ID None has sent the IDENTIFY payload.
INFO:discord.gateway:Shard ID None has connected to Gateway: ["gateway-prd-us-east1-b-gj85",{"micros":54456,"calls":["id_created",{"micros":691,"calls":[]},"session_lookup_time",{"micros":2949,"calls":[]},"session_lookup_finished",{"micros":13,"calls":[]},"discord-sessions-prd-1-76",{"micros":50561,"calls":["start_session",{"micros":24176,"calls":["discord-api-rpc-799bd6f864-m9676",{"micros":21025,"calls":["get_user",{"micros":4714},"get_guilds",{"micros":2474},"send_scheduled_deletion_message",{"micros":6},"guild_join_requests",{"micros":1},"authorized_ip_coro",{"micros":5}]}]},"starting_guild_connect",{"micros":41,"calls":[]},"presence_started",{"micros":320,"calls":[]},"guilds_started",{"micros":123,"calls":[]},"lobbies_started",{"micros":1,"calls":[]},"guilds_connect",{"micros":1,"calls":[]},"presence_connect",{"micros":25838,"calls":[]},"connect_finished",{"micros":25844,"calls":[]},"build_ready",{"micros":53,"calls":[]},"clean_ready",{"micros":1,"calls":[]},"optimize_ready",{"micros":0,"calls":[]},"split_ready",{"micros":1,"calls":[]}]}]}] (Session ID: 6ce6473d47fce0dc86528fc46a0fd19f).
INFO:root:User logged at EventManager#9298
INFO:root:expected stopping: 2025-01-01 16:24:00
INFO:root:RN: 2025-01-01 16:14:03.027191
INFO:root:waiting time: 596
INFO:httpx:HTTP Request: POST https://users.roblox.com/v1/usernames/users "HTTP/1.1 200 OK"
INFO:httpx:HTTP Request: GET https://users.roblox.com/v1/users/3314262083 "HTTP/1.1 200 OK"
INFO:discord.client:Cleaning up tasks.
INFO:discord.client:Cleaning up after 3 tasks.
INFO:discord.client:All tasks finished cancelling.
INFO:discord.client:Closing the event loop.
WARNING:discord.client:PyNaCl is not installed, voice will NOT be supported
INFO:discord.client:logging in using static token
INFO:discord.gateway:Shard ID None has sent the IDENTIFY payload.
INFO:discord.gateway:Shard ID None has connected to Gateway: ["gateway-prd-us-east1-b-mmjk",{"micros":112989,"calls":["id_created",{"micros":1417,"calls":[]},"session_lookup_time",{"micros":1891,"calls":[]},"session_lookup_finished",{"micros":18,"calls":[]},"discord-sessions-prd-1-37",{"micros":108453,"calls":["start_session",{"micros":37994,"calls":["discord-api-rpc-799bd6f864-kvvn8",{"micros":34741,"calls":["get_user",{"micros":5073},"get_guilds",{"micros":3318},"send_scheduled_deletion_message",{"micros":6},"guild_join_requests",{"micros":11038},"authorized_ip_coro",{"micros":7}]}]},"starting_guild_connect",{"micros":29,"calls":[]},"presence_started",{"micros":18328,"calls":[]},"guilds_started",{"micros":109,"calls":[]},"lobbies_started",{"micros":1,"calls":[]},"guilds_connect",{"micros":1,"calls":[]},"presence_connect",{"micros":51946,"calls":[]},"connect_finished",{"micros":51952,"calls":[]},"build_ready",{"micros":37,"calls":[]},"clean_ready",{"micros":1,"calls":[]},"optimize_ready",{"micros":0,"calls":[]},"split_ready",{"micros":1,"calls":[]}]}]}] (Session ID: 2b231e7c154e7b451736e90b8438f703).
INFO:root:User logged at EventManager#9298
INFO:root:expected stopping: 2025-01-01 16:35:00
INFO:root:RN: 2025-01-01 16:25:40.616335
INFO:root:waiting time: 559
INFO:discord.client:Cleaning up tasks.
INFO:discord.client:Cleaning up after 3 tasks.
INFO:discord.client:All tasks finished cancelling.
INFO:discord.client:Closing the event loop.
WARNING:discord.client:PyNaCl is not installed, voice will NOT be supported
INFO:discord.client:logging in using static token
INFO:discord.gateway:Shard ID None has sent the IDENTIFY payload.
INFO:discord.gateway:Shard ID None has connected to Gateway: ["gateway-prd-us-east1-b-7b9h",{"micros":74421,"calls":["id_created",{"micros":1125,"calls":[]},"session_lookup_time",{"micros":3685,"calls":[]},"session_lookup_finished",{"micros":16,"calls":[]},"discord-sessions-prd-1-67",{"micros":69342,"calls":["start_session",{"micros":28485,"calls":["discord-api-rpc-799bd6f864-rhln8",{"micros":24675,"calls":["get_user",{"micros":5198},"get_guilds",{"micros":3300},"send_scheduled_deletion_message",{"micros":8},"guild_join_requests",{"micros":1},"authorized_ip_coro",{"micros":12}]}]},"starting_guild_connect",{"micros":30,"calls":[]},"presence_started",{"micros":27530,"calls":[]},"guilds_started",{"micros":128,"calls":[]},"lobbies_started",{"micros":1,"calls":[]},"guilds_connect",{"micros":2,"calls":[]},"presence_connect",{"micros":13106,"calls":[]},"connect_finished",{"micros":13115,"calls":[]},"build_ready",{"micros":51,"calls":[]},"clean_ready",{"micros":0,"calls":[]},"optimize_ready",{"micros":0,"calls":[]},"split_ready",{"micros":1,"calls":[]}]}]}] (Session ID: 92ed29a31725e93d9ddb0c8842060be6).
INFO:root:User logged at EventManager#9298
INFO:root:expected stopping: 2025-01-01 16:37:00
INFO:root:RN: 2025-01-01 16:27:42.020963
INFO:root:waiting time: 557
INFO:discord.client:Cleaning up tasks.
INFO:discord.client:Cleaning up after 3 tasks.
INFO:discord.client:All tasks finished cancelling.
INFO:discord.client:Closing the event loop.
WARNING:discord.client:PyNaCl is not installed, voice will NOT be supported
INFO:discord.client:logging in using static token
INFO:discord.gateway:Shard ID None has sent the IDENTIFY payload.
INFO:discord.gateway:Shard ID None has connected to Gateway: ["gateway-prd-us-east1-d-j5cb",{"micros":51536,"calls":["id_created",{"micros":984,"calls":[]},"session_lookup_time",{"micros":848,"calls":[]},"session_lookup_finished",{"micros":17,"calls":[]},"discord-sessions-prd-1-150",{"micros":49380,"calls":["start_session",{"micros":30837,"calls":["discord-api-rpc-799bd6f864-85fkk",{"micros":26522,"calls":["get_user",{"micros":5022},"get_guilds",{"micros":5040},"send_scheduled_deletion_message",{"micros":6},"guild_join_requests",{"micros":1},"authorized_ip_coro",{"micros":6}]}]},"starting_guild_connect",{"micros":39,"calls":[]},"presence_started",{"micros":8121,"calls":[]},"guilds_started",{"micros":159,"calls":[]},"lobbies_started",{"micros":1,"calls":[]},"guilds_connect",{"micros":1,"calls":[]},"presence_connect",{"micros":10143,"calls":[]},"connect_finished",{"micros":10148,"calls":[]},"build_ready",{"micros":71,"calls":[]},"clean_ready",{"micros":1,"calls":[]},"optimize_ready",{"micros":1,"calls":[]},"split_ready",{"micros":0,"calls":[]}]}]}] (Session ID: e1470fbc9938cf9c4b5a2ed86e245bba).
INFO:root:User logged at EventManager#9298
INFO:root:expected stopping: 2025-01-01 16:40:00
INFO:root:RN: 2025-01-01 16:30:51.702467
INFO:root:waiting time: 548
INFO:httpx:HTTP Request: POST https://users.roblox.com/v1/usernames/users "HTTP/1.1 200 OK"
INFO:httpx:HTTP Request: GET https://users.roblox.com/v1/users/800926308 "HTTP/1.1 200 OK"
INFO:root:expected stopping: 2025-01-01 17:10:00
INFO:root:RN: 2025-01-01 17:00:51.790662
INFO:root:waiting time: 548
INFO:httpx:HTTP Request: POST https://users.roblox.com/v1/usernames/users "HTTP/1.1 200 OK"
INFO:httpx:HTTP Request: GET https://users.roblox.com/v1/users/3072649972 "HTTP/1.1 200 OK"
INFO:root:expected stopping: 2025-01-01 17:40:00
INFO:root:RN: 2025-01-01 17:30:51.807635
INFO:root:waiting time: 548
INFO:httpx:HTTP Request: POST https://users.roblox.com/v1/usernames/users "HTTP/1.1 200 OK"
INFO:httpx:HTTP Request: GET https://users.roblox.com/v1/users/6198326634 "HTTP/1.1 200 OK"
INFO:discord.client:Cleaning up tasks.
INFO:discord.client:Cleaning up after 3 tasks.
INFO:discord.client:All tasks finished cancelling.
INFO:discord.client:Closing the event loop.
WARNING:discord.client:PyNaCl is not installed, voice will NOT be supported
INFO:discord.client:logging in using static token
INFO:discord.gateway:Shard ID None has sent the IDENTIFY payload.
INFO:discord.gateway:Shard ID None has connected to Gateway: ["gateway-prd-us-east1-c-l97p",{"micros":94596,"calls":["id_created",{"micros":653,"calls":[]},"session_lookup_time",{"micros":3061,"calls":[]},"session_lookup_finished",{"micros":22,"calls":[]},"discord-sessions-prd-1-293",{"micros":89761,"calls":["start_session",{"micros":44394,"calls":["discord-api-rpc-799bd6f864-qv5tx",{"micros":40902,"calls":["get_user",{"micros":19700},"get_guilds",{"micros":2715},"send_scheduled_deletion_message",{"micros":6},"guild_join_requests",{"micros":1},"authorized_ip_coro",{"micros":5}]}]},"starting_guild_connect",{"micros":36,"calls":[]},"presence_started",{"micros":28016,"calls":[]},"guilds_started",{"micros":116,"calls":[]},"lobbies_started",{"micros":2,"calls":[]},"guilds_connect",{"micros":11,"calls":[]},"presence_connect",{"micros":17131,"calls":[]},"connect_finished",{"micros":17145,"calls":[]},"build_ready",{"micros":48,"calls":[]},"clean_ready",{"micros":1,"calls":[]},"optimize_ready",{"micros":1,"calls":[]},"split_ready",{"micros":0,"calls":[]}]}]}] (Session ID: 4101c773518b66060c140a588ac20e21).
INFO:root:User logged at EventManager#9298
INFO:root:expected stopping: 2025-01-01 17:59:00
INFO:root:RN: 2025-01-01 17:49:33.390525
INFO:root:waiting time: 566
INFO:root:404 Not Found (error code: 10008): Unknown Message
INFO:discord.client:Cleaning up tasks.
INFO:discord.client:Cleaning up after 3 tasks.
INFO:discord.client:All tasks finished cancelling.
INFO:discord.client:Closing the event loop.
WARNING:discord.client:PyNaCl is not installed, voice will NOT be supported
INFO:discord.client:logging in using static token
INFO:discord.gateway:Shard ID None has sent the IDENTIFY payload.
INFO:discord.gateway:Shard ID None has connected to Gateway: ["gateway-prd-us-east1-b-h5ng",{"micros":81435,"calls":["id_created",{"micros":698,"calls":[]},"session_lookup_time",{"micros":3425,"calls":[]},"session_lookup_finished",{"micros":16,"calls":[]},"discord-sessions-prd-1-271",{"micros":76998,"calls":["start_session",{"micros":33496,"calls":["discord-api-rpc-799bd6f864-2gn6t",{"micros":30539,"calls":["get_user",{"micros":5441},"get_guilds",{"micros":2282},"send_scheduled_deletion_message",{"micros":5},"guild_join_requests",{"micros":483},"authorized_ip_coro",{"micros":6}]}]},"starting_guild_connect",{"micros":32,"calls":[]},"presence_started",{"micros":6261,"calls":[]},"guilds_started",{"micros":103,"calls":[]},"lobbies_started",{"micros":1,"calls":[]},"guilds_connect",{"micros":2,"calls":[]},"presence_connect",{"micros":37052,"calls":[]},"connect_finished",{"micros":37057,"calls":[]},"build_ready",{"micros":44,"calls":[]},"clean_ready",{"micros":1,"calls":[]},"optimize_ready",{"micros":0,"calls":[]},"split_ready",{"micros":1,"calls":[]}]}]}] (Session ID: ecc578e85b15af8c498f25067eaf4c18).
INFO:root:User logged at EventManager#9298
INFO:root:expected stopping: 2025-01-01 18:08:00
INFO:root:RN: 2025-01-01 17:58:36.214617
INFO:root:waiting time: 563
INFO:httpx:HTTP Request: POST https://users.roblox.com/v1/usernames/users "HTTP/1.1 200 OK"
INFO:httpx:HTTP Request: GET https://users.roblox.com/v1/users/6198326634 "HTTP/1.1 200 OK"
INFO:discord.client:Cleaning up tasks.
INFO:discord.client:Cleaning up after 3 tasks.
INFO:discord.client:All tasks finished cancelling.
INFO:discord.client:Closing the event loop.
WARNING:discord.client:PyNaCl is not installed, voice will NOT be supported
INFO:discord.client:logging in using static token
INFO:discord.gateway:Shard ID None has sent the IDENTIFY payload.
INFO:discord.gateway:Shard ID None has connected to Gateway: ["gateway-prd-us-east1-c-lgrm",{"micros":57350,"calls":["id_created",{"micros":872,"calls":[]},"session_lookup_time",{"micros":1728,"calls":[]},"session_lookup_finished",{"micros":18,"calls":[]},"discord-sessions-prd-1-242",{"micros":54400,"calls":["start_session",{"micros":27446,"calls":["discord-api-rpc-799bd6f864-wqvsw",{"micros":23777,"calls":["get_user",{"micros":5024},"get_guilds",{"micros":3657},"send_scheduled_deletion_message",{"micros":5},"guild_join_requests",{"micros":0},"authorized_ip_coro",{"micros":6}]}]},"starting_guild_connect",{"micros":35,"calls":[]},"presence_started",{"micros":9233,"calls":[]},"guilds_started",{"micros":103,"calls":[]},"lobbies_started",{"micros":1,"calls":[]},"guilds_connect",{"micros":2,"calls":[]},"presence_connect",{"micros":17520,"calls":[]},"connect_finished",{"micros":17550,"calls":[]},"build_ready",{"micros":29,"calls":[]},"clean_ready",{"micros":0,"calls":[]},"optimize_ready",{"micros":1,"calls":[]},"split_ready",{"micros":1,"calls":[]}]}]}] (Session ID: c0caffe558c631dfd035ac5424e296ff).
INFO:root:User logged at EventManager#9298
INFO:root:expected stopping: 2025-01-01 18:21:00
INFO:root:RN: 2025-01-01 18:11:01.746985
INFO:root:waiting time: 598
INFO:root:I AM ON TIMEOUT
INFO:httpx:HTTP Request: POST https://users.roblox.com/v1/usernames/users "HTTP/1.1 200 OK"
INFO:httpx:HTTP Request: GET https://users.roblox.com/v1/users/3314262083 "HTTP/1.1 200 OK"
